Command line:
   TF_isim_beh.exe
     -simmode  gui
     -simrunnum  0
     -socket  54424

Sun Oct 22 22:40:17 2017


 Elaboration Time: 0.03125 sec

 Current Memory Usage: 845.89 Meg

 Total Signals          : 31
 Total Nets             : 27
 Total Signal Drivers   : 13
 Total Blocks           : 6
 Total Primitive Blocks : 4
 Total Processes        : 21
 Total Traceable Variables  : 33
 Total Scalar Nets and Variables : 148
Total Line Count : 57

 Total Simulation Time: 0.0625 sec

 Current Memory Usage: 374.03 Meg

Sun Oct 22 23:52:34 2017

